#
# A fatal error has been detected by the Java Runtime Environment:
#
#  EXCEPTION_ACCESS_VIOLATION (0xc0000005) at pc=0x00007ffb6dc2be0e, pid=15828, tid=13780
#
# JRE version: Java(TM) SE Runtime Environment (17.0.4+11) (build 17.0.4+11-LTS-179)
# Java VM: Java HotSpot(TM) 64-Bit Server VM (17.0.4+11-LTS-179, mixed mode, sharing, tiered, compressed oops, compressed class ptrs, g1 gc, windows-amd64)
# Problematic frame:
# V  [jvm.dll+0x69be0e]
#
# No core dump will be written. Minidumps are not enabled by default on client versions of Windows
#
# If you would like to submit a bug report, please visit:
#   https://bugreport.java.com/bugreport/crash.jsp
#

---------------  S U M M A R Y ------------

Command Line: C:\Users\Santhosh\AppData\Local\Temp\surefire12262439836676179669\surefirebooter7163587421884712444.jar C:\Users\Santhosh\AppData\Local\Temp\surefire12262439836676179669 2022-08-02T22-37-21_360-jvmRun1 surefire14342093202059647931tmp surefire_07475974175538885760tmp

Host: Intel(R) Core(TM) i5-3230M CPU @ 2.60GHz, 4 cores, 7G,  Windows 10 , 64 bit Build 19041 (10.0.19041.1806)
Time: Tue Aug  2 22:38:35 2022 India Standard Time elapsed time: 71.926139 seconds (0d 0h 1m 11s)

---------------  T H R E A D  ---------------

Current thread (0x000002a371ffd040):  JavaThread "C2 CompilerThread0" daemon [_thread_in_native, id=13780, stack(0x000000fc37b00000,0x000000fc37c00000)]


Current CompileTask:
C2:  71926 5893 %     4       io.github.classgraph.ClasspathElementZip::scanPaths @ 182 (879 bytes)

Stack: [0x000000fc37b00000,0x000000fc37c00000],  sp=0x000000fc37bfb5f0,  free space=1005k
Native frames: (J=compiled Java code, j=interpreted, Vv=VM code, C=native code)
V  [jvm.dll+0x69be0e]
V  [jvm.dll+0x1b9fe4]
V  [jvm.dll+0x216149]
V  [jvm.dll+0x215411]
V  [jvm.dll+0x1a1fcd]
V  [jvm.dll+0x224c78]
V  [jvm.dll+0x222de5]
V  [jvm.dll+0x787a5b]
V  [jvm.dll+0x78201a]
V  [jvm.dll+0x671265]
C  [ucrtbase.dll+0x21bb2]
C  [KERNEL32.DLL+0x17034]
C  [ntdll.dll+0x52651]


siginfo: EXCEPTION_ACCESS_VIOLATION (0xc0000005), reading address 0x000002a51767ce50


Register to memory mapping:

RIP=0x00007ffb6dc2be0e jvm.dll
RAX=0x000002a31a5bad90 points into unknown readable memory: 0x0000000000000000 | 00 00 00 00 00 00 00 00
RBX=0x0 is NULL
RCX=0x000000007f430830 is an unknown value
RDX=0x0000000000000286 is an unknown value
RSP=0x000000fc37bfb5f0 is pointing into the stack for thread: 0x000002a371ffd040
RBP=0x0000000000000009 is an unknown value
RSI=0x000002a313a75aa0 points into unknown readable memory: 0x00007ffb6de49990 | 90 99 e4 6d fb 7f 00 00
RDI=0x000000fc37bfbc40 is pointing into the stack for thread: 0x000002a371ffd040
R8 =0x000002a31719bf58 points into unknown readable memory: 0x00007ffb6de5de60 | 60 de e5 6d fb 7f 00 00
R9 =0x000002a313a75aa0 points into unknown readable memory: 0x00007ffb6de49990 | 90 99 e4 6d fb 7f 00 00
R10=0x0000000000000008 is an unknown value
R11=0x0000000000000001 is an unknown value
R12=0x000002a3170df7e0 points into unknown readable memory: 0x000002a37e9ee500 | 00 e5 9e 7e a3 02 00 00
R13=0x000002a3170e0c30 points into unknown readable memory: 0x000002a37e9ee500 | 00 e5 9e 7e a3 02 00 00
R14=0x000002a31759bf58 points into unknown readable memory: 0x000002a37f4312d0 | d0 12 43 7f a3 02 00 00
R15=0x000002a3170df7e0 points into unknown readable memory: 0x000002a37e9ee500 | 00 e5 9e 7e a3 02 00 00


Registers:
RAX=0x000002a31a5bad90, RBX=0x0000000000000000, RCX=0x000000007f430830, RDX=0x0000000000000286
RSP=0x000000fc37bfb5f0, RBP=0x0000000000000009, RSI=0x000002a313a75aa0, RDI=0x000000fc37bfbc40
R8 =0x000002a31719bf58, R9 =0x000002a313a75aa0, R10=0x0000000000000008, R11=0x0000000000000001
R12=0x000002a3170df7e0, R13=0x000002a3170e0c30, R14=0x000002a31759bf58, R15=0x000002a3170df7e0
RIP=0x00007ffb6dc2be0e, EFLAGS=0x0000000000010202

Top of Stack: (sp=0x000000fc37bfb5f0)
0x000000fc37bfb5f0:   0000000000000000 000002a3170df7e0
0x000000fc37bfb600:   000002a37fe09f38 000002a313a75aa0
0x000000fc37bfb610:   000002a3170e0c30 000002a3170df7e0
0x000000fc37bfb620:   0000000000000001 0000000000000000
0x000000fc37bfb630:   000002a3170df7e0 000002a313a75aa0
0x000000fc37bfb640:   000002a313a53b08 00007ffb00000020
0x000000fc37bfb650:   000002a3173a39e0 000002a37fe09f38
0x000000fc37bfb660:   00000000000002a0 000002a37fe09f38
0x000000fc37bfb670:   000002a3175a2f90 000002a31880a560
0x000000fc37bfb680:   000002a31880c9f0 000002a31328f748
0x000000fc37bfb690:   000002a3742b27e0 000002a3742b27b0
0x000000fc37bfb6a0:   000002a37e9ee500 000002a318809ef0
0x000000fc37bfb6b0:   000002a31880a560 000002a318811ed8
0x000000fc37bfb6c0:   000000000020c400 0000000000000000
0x000000fc37bfb6d0:   0000000000002121 0000000000000000
0x000000fc37bfb6e0:   000000000000752f 00007ffb6d74a694 

Instructions: (pc=0x00007ffb6dc2be0e)
0x00007ffb6dc2bd0e:   ff 3b 6e 28 0f 83 fc 09 00 00 3b 6e 18 73 4f 48
0x00007ffb6dc2bd1e:   8b 46 20 8b cd 4c 8b 34 c8 eb 46 48 8b cf e8 ff
0x00007ffb6dc2bd2e:   c5 ff ff 4c 8b 7c 24 40 4c 8b c7 48 8b 74 24 48
0x00007ffb6dc2bd3e:   48 8b d7 48 8b bc 24 f0 01 00 00 4c 8b ce 48 8b
0x00007ffb6dc2bd4e:   cf 4c 89 7c 24 28 4c 89 6c 24 20 e8 52 0d 00 00
0x00007ffb6dc2bd5e:   44 2b e0 ff cd 89 ac 24 00 02 00 00 eb 8f 45 33
0x00007ffb6dc2bd6e:   f6 41 83 7e 20 00 4c 89 74 24 50 75 39 48 8b 47
0x00007ffb6dc2bd7e:   10 4c 3b b0 d8 02 00 00 74 2c 41 8b 46 2c 24 0f
0x00007ffb6dc2bd8e:   3c 08 74 22 4c 89 7c 24 28 4c 8b ce 4d 8b c6 4c
0x00007ffb6dc2bd9e:   89 6c 24 20 49 8b d6 48 8b cf e8 03 0d 00 00 2b
0x00007ffb6dc2bdae:   e8 e9 49 09 00 00 41 8b 4e 18 b8 01 00 00 00 89
0x00007ffb6dc2bdbe:   84 24 f8 01 00 00 3b c8 0f 86 1b 02 00 00 0f 1f
0x00007ffb6dc2bdce:   40 00 8b c8 49 8b 46 08 4c 8b 34 c8 4d 85 f6 75
0x00007ffb6dc2bdde:   24 4c 8d 0d 4a fb 2a 00 ba 95 02 00 00 4c 8d 05
0x00007ffb6dc2bdee:   7e fa 2a 00 48 8d 0d 97 fa 2a 00 e8 c2 6f ba ff
0x00007ffb6dc2bdfe:   e8 4d 61 fd ff 49 63 4e 28 48 8b 87 08 01 00 00
0x00007ffb6dc2be0e:   8b 14 88 85 d2 0f 84 a1 01 00 00 48 8b 47 70 48
0x00007ffb6dc2be1e:   89 54 24 68 4c 8b 40 20 48 69 c2 b0 00 00 00 42
0x00007ffb6dc2be2e:   8b 6c 00 30 41 3b 6d 08 73 0f 49 8b 45 10 48 83
0x00007ffb6dc2be3e:   3c e8 00 0f 85 73 01 00 00 41 8b 46 30 83 e0 01
0x00007ffb6dc2be4e:   74 36 8b c8 49 8b 46 08 48 8b 14 c8 48 85 d2 74
0x00007ffb6dc2be5e:   27 48 8b 87 08 01 00 00 48 63 4a 28 8b 0c 88 48
0x00007ffb6dc2be6e:   69 c1 b0 00 00 00 42 3b 6c 00 30 75 0b 8b 42 30
0x00007ffb6dc2be7e:   4c 8b f2 83 e0 01 75 ca 49 8b d6 48 8b cf e8 8f
0x00007ffb6dc2be8e:   09 00 00 48 8b f8 48 89 44 24 78 41 3b 6d 08 72
0x00007ffb6dc2be9e:   0a 8b d5 49 8b cd e8 d7 4c fb ff 49 8b 4d 10 48
0x00007ffb6dc2beae:   8d 1c ed 00 00 00 00 48 89 3c 0b 41 3b 6f 08 72
0x00007ffb6dc2bebe:   0a 8b d5 49 8b cf e8 b7 4c fb ff 49 8b 47 10 49
0x00007ffb6dc2bece:   8b ce 4c 89 34 03 49 8b 06 ff 50 68 48 8b bc 24
0x00007ffb6dc2bede:   f0 01 00 00 49 63 56 28 48 8b 8f 08 01 00 00 8b
0x00007ffb6dc2beee:   14 91 48 8b 4f 70 48 69 d2 b0 00 00 00 48 03 51
0x00007ffb6dc2befe:   20 8b c8 e8 5a 57 02 00 be 01 00 00 00 44 8b e0 


Stack slot to memory mapping:
stack at sp + 0 slots: 0x0 is NULL
stack at sp + 1 slots: 0x000002a3170df7e0 points into unknown readable memory: 0x000002a37e9ee500 | 00 e5 9e 7e a3 02 00 00
stack at sp + 2 slots: 0x000002a37fe09f38 points into unknown readable memory: 0x00007ffb6de44cf0 | f0 4c e4 6d fb 7f 00 00
stack at sp + 3 slots: 0x000002a313a75aa0 points into unknown readable memory: 0x00007ffb6de49990 | 90 99 e4 6d fb 7f 00 00
stack at sp + 4 slots: 0x000002a3170e0c30 points into unknown readable memory: 0x000002a37e9ee500 | 00 e5 9e 7e a3 02 00 00
stack at sp + 5 slots: 0x000002a3170df7e0 points into unknown readable memory: 0x000002a37e9ee500 | 00 e5 9e 7e a3 02 00 00
stack at sp + 6 slots: 0x0000000000000001 is an unknown value
stack at sp + 7 slots: 0x0 is NULL


---------------  P R O C E S S  ---------------

Threads class SMR info:
_java_thread_list=0x000002a3171b01b0, length=28, elements={
0x000002a3720ccfb0, 0x000002a37e9d8840, 0x000002a37e9d96b0, 0x000002a37e9e9e60,
0x000002a37e9eb930, 0x000002a37e9f0310, 0x000002a37e9f0cc0, 0x000002a371ffd040,
0x000002a371ffacd0, 0x000002a37ea05cb0, 0x000002a37f513240, 0x000002a37f5158d0,
0x000002a37f53a630, 0x000002a37f6ed350, 0x000002a37fe9ab30, 0x000002a37fe9be70,
0x000002a37fe9a190, 0x000002a37fe9a660, 0x000002a37fe9b000, 0x000002a371ffcb30,
0x000002a317a050f0, 0x000002a317a08ab0, 0x000002a317a09450, 0x000002a317a09920,
0x000002a317a055c0, 0x000002a317a05f60, 0x000002a317a08110, 0x000002a317a06430
}

Java Threads: ( => current thread )
  0x000002a3720ccfb0 JavaThread "main" [_thread_blocked, id=11924, stack(0x000000fc36e00000,0x000000fc36f00000)]
  0x000002a37e9d8840 JavaThread "Reference Handler" daemon [_thread_blocked, id=1692, stack(0x000000fc37500000,0x000000fc37600000)]
  0x000002a37e9d96b0 JavaThread "Finalizer" daemon [_thread_blocked, id=15924, stack(0x000000fc37600000,0x000000fc37700000)]
  0x000002a37e9e9e60 JavaThread "Signal Dispatcher" daemon [_thread_blocked, id=3448, stack(0x000000fc37700000,0x000000fc37800000)]
  0x000002a37e9eb930 JavaThread "Attach Listener" daemon [_thread_blocked, id=13596, stack(0x000000fc37800000,0x000000fc37900000)]
  0x000002a37e9f0310 JavaThread "Service Thread" daemon [_thread_blocked, id=15920, stack(0x000000fc37900000,0x000000fc37a00000)]
  0x000002a37e9f0cc0 JavaThread "Monitor Deflation Thread" daemon [_thread_blocked, id=10532, stack(0x000000fc37a00000,0x000000fc37b00000)]
=>0x000002a371ffd040 JavaThread "C2 CompilerThread0" daemon [_thread_in_native, id=13780, stack(0x000000fc37b00000,0x000000fc37c00000)]
  0x000002a371ffacd0 JavaThread "C1 CompilerThread0" daemon [_thread_blocked, id=13292, stack(0x000000fc37c00000,0x000000fc37d00000)]
  0x000002a37ea05cb0 JavaThread "Sweeper thread" daemon [_thread_blocked, id=3204, stack(0x000000fc37d00000,0x000000fc37e00000)]
  0x000002a37f513240 JavaThread "Notification Thread" daemon [_thread_blocked, id=12252, stack(0x000000fc37e00000,0x000000fc37f00000)]
  0x000002a37f5158d0 JavaThread "Common-Cleaner" daemon [_thread_blocked, id=12640, stack(0x000000fc38000000,0x000000fc38100000)]
  0x000002a37f53a630 JavaThread "surefire-forkedjvm-command-thread" daemon [_thread_in_native, id=5904, stack(0x000000fc38100000,0x000000fc38200000)]
  0x000002a37f6ed350 JavaThread "surefire-forkedjvm-ping-30s" daemon [_thread_in_native, id=8588, stack(0x000000fc38200000,0x000000fc38300000)]
  0x000002a37fe9ab30 JavaThread "mysql-cj-abandoned-connection-cleanup" daemon [_thread_blocked, id=7424, stack(0x000000fc38800000,0x000000fc38900000)]
  0x000002a37fe9be70 JavaThread "HikariPool-1 housekeeper" daemon [_thread_blocked, id=10156, stack(0x000000fc38700000,0x000000fc38800000)]
  0x000002a37fe9a190 JavaThread "Catalina-utility-1" [_thread_blocked, id=12056, stack(0x000000fc38900000,0x000000fc38a00000)]
  0x000002a37fe9a660 JavaThread "Catalina-utility-2" [_thread_blocked, id=15736, stack(0x000000fc38b00000,0x000000fc38c00000)]
  0x000002a37fe9b000 JavaThread "container-0" [_thread_blocked, id=16192, stack(0x000000fc38c00000,0x000000fc38d00000)]
  0x000002a371ffcb30 JavaThread "C2 CompilerThread1" daemon [_thread_in_native, id=13220, stack(0x000000fc39600000,0x000000fc39700000)]
  0x000002a317a050f0 JavaThread "ClassGraph-worker-24" daemon [_thread_blocked, id=10088, stack(0x000000fc38e00000,0x000000fc38f00000)]
  0x000002a317a08ab0 JavaThread "ClassGraph-worker-25" daemon [_thread_blocked, id=10100, stack(0x000000fc38f00000,0x000000fc39000000)]
  0x000002a317a09450 JavaThread "ClassGraph-worker-26" daemon [_thread_blocked, id=10112, stack(0x000000fc39000000,0x000000fc39100000)]
  0x000002a317a09920 JavaThread "ClassGraph-worker-27" daemon [_thread_blocked, id=10124, stack(0x000000fc39100000,0x000000fc39200000)]
  0x000002a317a055c0 JavaThread "ClassGraph-worker-28" daemon [_thread_blocked, id=10104, stack(0x000000fc39200000,0x000000fc39300000)]
  0x000002a317a05f60 JavaThread "ClassGraph-worker-29" daemon [_thread_in_Java, id=10108, stack(0x000000fc39300000,0x000000fc39400000)]
  0x000002a317a08110 JavaThread "ClassGraph-worker-30" daemon [_thread_blocked, id=10120, stack(0x000000fc39400000,0x000000fc39500000)]
  0x000002a317a06430 JavaThread "ClassGraph-worker-31" daemon [_thread_blocked, id=10128, stack(0x000000fc39500000,0x000000fc39600000)]

Other Threads:
  0x000002a37e9d2840 VMThread "VM Thread" [stack: 0x000000fc37400000,0x000000fc37500000] [id=15928]
  0x000002a371ff87b0 WatcherThread [stack: 0x000000fc37f00000,0x000000fc38000000] [id=15916]
  0x000002a37429f4a0 GCTaskThread "GC Thread#0" [stack: 0x000000fc36f00000,0x000000fc37000000] [id=15584]
  0x000002a37f872fc0 GCTaskThread "GC Thread#1" [stack: 0x000000fc38300000,0x000000fc38400000] [id=15516]
  0x000002a37ff023a0 GCTaskThread "GC Thread#2" [stack: 0x000000fc38400000,0x000000fc38500000] [id=12140]
  0x000002a37ff02650 GCTaskThread "GC Thread#3" [stack: 0x000000fc38500000,0x000000fc38600000] [id=3220]
  0x000002a3742b01a0 ConcurrentGCThread "G1 Main Marker" [stack: 0x000000fc37000000,0x000000fc37100000] [id=12932]
  0x000002a3742b1720 ConcurrentGCThread "G1 Conc#0" [stack: 0x000000fc37100000,0x000000fc37200000] [id=15528]
  0x000002a37e887c80 ConcurrentGCThread "G1 Refine#0" [stack: 0x000000fc37200000,0x000000fc37300000] [id=4696]
  0x000002a37fe3cb80 ConcurrentGCThread "G1 Refine#1" [stack: 0x000000fc38600000,0x000000fc38700000] [id=16128]
  0x000002a37e8886a0 ConcurrentGCThread "G1 Service" [stack: 0x000000fc37300000,0x000000fc37400000] [id=11844]

Threads with active compile tasks:
C2 CompilerThread0    72067 5893 %     4       io.github.classgraph.ClasspathElementZip::scanPaths @ 182 (879 bytes)
C2 CompilerThread1    72067 6022 % !   4       nonapi.io.github.classgraph.fastzipfilereader.LogicalZipFile::readCentralDirectory @ 1477 (3373 bytes)

VM state: not at safepoint (normal execution)

VM Mutex/Monitor currently owned by a thread: None

Heap address: 0x0000000082000000, size: 2016 MB, Compressed Oops mode: 32-bit

CDS archive(s) mapped at: [0x0000000800000000-0x0000000800bc0000-0x0000000800bc0000), size 12320768, SharedBaseAddress: 0x0000000800000000, ArchiveRelocationMode: 0.
Compressed class space mapped at: 0x0000000800c00000-0x0000000840c00000, reserved size: 1073741824
Narrow klass base: 0x0000000800000000, Narrow klass shift: 0, Narrow klass range: 0x100000000

GC Precious Log:
 CPUs: 4 total, 4 available
 Memory: 8060M
 Large Page Support: Disabled
 NUMA Support: Disabled
 Compressed Oops: Enabled (32-bit)
 Heap Region Size: 1M
 Heap Min Capacity: 8M
 Heap Initial Capacity: 126M
 Heap Max Capacity: 2016M
 Pre-touch: Disabled
 Parallel Workers: 4
 Concurrent Workers: 1
 Concurrent Refinement Workers: 4
 Periodic GC: Disabled

Heap:
 garbage-first heap   total 185344K, used 85837K [0x0000000082000000, 0x0000000100000000)
  region size 1024K, 37 young (37888K), 2 survivors (2048K)
 Metaspace       used 63321K, committed 63680K, reserved 1105920K
  class space    used 8535K, committed 8704K, reserved 1048576K

Heap Regions: E=young(eden), S=young(survivor), O=old, HS=humongous(starts), HC=humongous(continues), CS=collection set, F=free, OA=open archive, CA=closed archive, TAMS=top-at-mark-start (previous, next)
|   0|0x0000000082000000, 0x0000000082100000, 0x0000000082100000|100%|HS|  |TAMS 0x0000000082100000, 0x0000000082000000| Complete 
|   1|0x0000000082100000, 0x0000000082200000, 0x0000000082200000|100%| O|  |TAMS 0x0000000082200000, 0x0000000082100000| Untracked 
|   2|0x0000000082200000, 0x0000000082300000, 0x0000000082300000|100%| O|  |TAMS 0x0000000082300000, 0x0000000082200000| Untracked 
|   3|0x0000000082300000, 0x0000000082400000, 0x0000000082400000|100%| O|  |TAMS 0x0000000082400000, 0x0000000082300000| Untracked 
|   4|0x0000000082400000, 0x0000000082500000, 0x0000000082500000|100%| O|  |TAMS 0x0000000082500000, 0x0000000082400000| Untracked 
|   5|0x0000000082500000, 0x0000000082600000, 0x0000000082600000|100%| O|  |TAMS 0x0000000082600000, 0x0000000082500000| Untracked 
|   6|0x0000000082600000, 0x0000000082700000, 0x0000000082700000|100%| O|  |TAMS 0x0000000082700000, 0x0000000082600000| Untracked 
|   7|0x0000000082700000, 0x0000000082800000, 0x0000000082800000|100%| O|  |TAMS 0x0000000082800000, 0x0000000082700000| Untracked 
|   8|0x0000000082800000, 0x0000000082900000, 0x0000000082900000|100%| O|  |TAMS 0x0000000082900000, 0x0000000082800000| Untracked 
|   9|0x0000000082900000, 0x0000000082a00000, 0x0000000082a00000|100%| O|  |TAMS 0x0000000082a00000, 0x0000000082900000| Untracked 
|  10|0x0000000082a00000, 0x0000000082b00000, 0x0000000082b00000|100%| O|  |TAMS 0x0000000082b00000, 0x0000000082a00000| Untracked 
|  11|0x0000000082b00000, 0x0000000082c00000, 0x0000000082c00000|100%| O|  |TAMS 0x0000000082c00000, 0x0000000082b00000| Untracked 
|  12|0x0000000082c00000, 0x0000000082d00000, 0x0000000082d00000|100%| O|  |TAMS 0x0000000082d00000, 0x0000000082c00000| Untracked 
|  13|0x0000000082d00000, 0x0000000082e00000, 0x0000000082e00000|100%| O|  |TAMS 0x0000000082e00000, 0x0000000082d00000| Untracked 
|  14|0x0000000082e00000, 0x0000000082f00000, 0x0000000082f00000|100%| O|  |TAMS 0x0000000082f00000, 0x0000000082e00000| Untracked 
|  15|0x0000000082f00000, 0x0000000083000000, 0x0000000083000000|100%| O|  |TAMS 0x0000000083000000, 0x0000000082f00000| Untracked 
|  16|0x0000000083000000, 0x0000000083100000, 0x0000000083100000|100%| O|  |TAMS 0x0000000083100000, 0x0000000083000000| Untracked 
|  17|0x0000000083100000, 0x0000000083200000, 0x0000000083200000|100%| O|  |TAMS 0x0000000083200000, 0x0000000083100000| Untracked 
|  18|0x0000000083200000, 0x0000000083300000, 0x0000000083300000|100%| O|  |TAMS 0x0000000083300000, 0x0000000083200000| Untracked 
|  19|0x0000000083300000, 0x0000000083400000, 0x0000000083400000|100%| O|  |TAMS 0x0000000083400000, 0x0000000083300000| Untracked 
|  20|0x0000000083400000, 0x0000000083500000, 0x0000000083500000|100%| O|  |TAMS 0x0000000083500000, 0x0000000083400000| Untracked 
|  21|0x0000000083500000, 0x0000000083600000, 0x0000000083600000|100%| O|  |TAMS 0x0000000083600000, 0x0000000083500000| Untracked 
|  22|0x0000000083600000, 0x0000000083700000, 0x0000000083700000|100%| O|  |TAMS 0x0000000083700000, 0x0000000083600000| Untracked 
|  23|0x0000000083700000, 0x0000000083800000, 0x0000000083800000|100%| O|  |TAMS 0x0000000083800000, 0x0000000083700000| Untracked 
|  24|0x0000000083800000, 0x0000000083900000, 0x0000000083900000|100%| O|  |TAMS 0x0000000083900000, 0x0000000083800000| Untracked 
|  25|0x0000000083900000, 0x0000000083a00000, 0x0000000083a00000|100%| O|  |TAMS 0x0000000083a00000, 0x0000000083900000| Untracked 
|  26|0x0000000083a00000, 0x0000000083b00000, 0x0000000083b00000|100%| O|  |TAMS 0x0000000083b00000, 0x0000000083a00000| Untracked 
|  27|0x0000000083b00000, 0x0000000083c00000, 0x0000000083c00000|100%| O|  |TAMS 0x0000000083c00000, 0x0000000083b00000| Untracked 
|  28|0x0000000083c00000, 0x0000000083d00000, 0x0000000083d00000|100%| O|  |TAMS 0x0000000083d00000, 0x0000000083c00000| Untracked 
|  29|0x0000000083d00000, 0x0000000083e00000, 0x0000000083e00000|100%| O|  |TAMS 0x0000000083e00000, 0x0000000083d00000| Untracked 
|  30|0x0000000083e00000, 0x0000000083f00000, 0x0000000083f00000|100%| O|  |TAMS 0x0000000083f00000, 0x0000000083e00000| Untracked 
|  31|0x0000000083f00000, 0x0000000084000000, 0x0000000084000000|100%| O|  |TAMS 0x0000000084000000, 0x0000000083f00000| Untracked 
|  32|0x0000000084000000, 0x0000000084100000, 0x0000000084100000|100%| O|  |TAMS 0x0000000084100000, 0x0000000084000000| Untracked 
|  33|0x0000000084100000, 0x0000000084200000, 0x0000000084200000|100%| O|  |TAMS 0x0000000084200000, 0x0000000084100000| Untracked 
|  34|0x0000000084200000, 0x0000000084300000, 0x0000000084300000|100%| O|  |TAMS 0x0000000084300000, 0x0000000084200000| Untracked 
|  35|0x0000000084300000, 0x0000000084400000, 0x0000000084400000|100%| O|  |TAMS 0x0000000084400000, 0x0000000084300000| Untracked 
|  36|0x0000000084400000, 0x0000000084500000, 0x0000000084500000|100%| O|  |TAMS 0x0000000084500000, 0x0000000084400000| Untracked 
|  37|0x0000000084500000, 0x0000000084600000, 0x0000000084600000|100%| O|  |TAMS 0x0000000084600000, 0x0000000084500000| Untracked 
|  38|0x0000000084600000, 0x0000000084700000, 0x0000000084700000|100%| O|  |TAMS 0x0000000084700000, 0x0000000084600000| Untracked 
|  39|0x0000000084700000, 0x0000000084800000, 0x0000000084800000|100%| O|  |TAMS 0x0000000084800000, 0x0000000084700000| Untracked 
|  40|0x0000000084800000, 0x0000000084900000, 0x0000000084900000|100%| O|  |TAMS 0x0000000084900000, 0x0000000084800000| Complete 
|  41|0x0000000084900000, 0x0000000084a00000, 0x0000000084a00000|100%| O|  |TAMS 0x0000000084a00000, 0x0000000084900000| Untracked 
|  42|0x0000000084a00000, 0x0000000084b00000, 0x0000000084b00000|100%| O|  |TAMS 0x0000000084a7a800, 0x0000000084a00000| Untracked 
|  43|0x0000000084b00000, 0x0000000084c00000, 0x0000000084c00000|100%| O|  |TAMS 0x0000000084b00000, 0x0000000084b00000| Untracked 
|  44|0x0000000084c00000, 0x0000000084d00000, 0x0000000084d00000|100%| O|  |TAMS 0x0000000084c00000, 0x0000000084c00000| Untracked 
|  45|0x0000000084d00000, 0x0000000084e00000, 0x0000000084e00000|100%| O|  |TAMS 0x0000000084d00000, 0x0000000084d00000| Untracked 
|  46|0x0000000084e00000, 0x0000000084e00000, 0x0000000084f00000|  0%| F|  |TAMS 0x0000000084e00000, 0x0000000084e00000| Untracked 
|  47|0x0000000084f00000, 0x0000000085000000, 0x0000000085000000|100%| O|  |TAMS 0x0000000084f00000, 0x0000000084f00000| Untracked 
|  48|0x0000000085000000, 0x0000000085100000, 0x0000000085100000|100%| O|  |TAMS 0x0000000085000000, 0x0000000085000000| Untracked 
|  49|0x0000000085100000, 0x00000000851d3600, 0x0000000085200000| 82%| O|  |TAMS 0x0000000085100000, 0x0000000085100000| Untracked 
|  50|0x0000000085200000, 0x0000000085200000, 0x0000000085300000|  0%| F|  |TAMS 0x0000000085200000, 0x0000000085200000| Untracked 
|  51|0x0000000085300000, 0x0000000085300000, 0x0000000085400000|  0%| F|  |TAMS 0x0000000085300000, 0x0000000085300000| Untracked 
|  52|0x0000000085400000, 0x0000000085400000, 0x0000000085500000|  0%| F|  |TAMS 0x0000000085400000, 0x0000000085400000| Untracked 
|  53|0x0000000085500000, 0x0000000085500000, 0x0000000085600000|  0%| F|  |TAMS 0x0000000085500000, 0x0000000085500000| Untracked 
|  54|0x0000000085600000, 0x0000000085600000, 0x0000000085700000|  0%| F|  |TAMS 0x0000000085600000, 0x0000000085600000| Untracked 
|  55|0x0000000085700000, 0x0000000085700000, 0x0000000085800000|  0%| F|  |TAMS 0x0000000085700000, 0x0000000085700000| Untracked 
|  56|0x0000000085800000, 0x0000000085800000, 0x0000000085900000|  0%| F|  |TAMS 0x0000000085800000, 0x0000000085800000| Untracked 
|  57|0x0000000085900000, 0x0000000085900000, 0x0000000085a00000|  0%| F|  |TAMS 0x0000000085900000, 0x0000000085900000| Untracked 
|  58|0x0000000085a00000, 0x0000000085a00000, 0x0000000085b00000|  0%| F|  |TAMS 0x0000000085a00000, 0x0000000085a00000| Untracked 
|  59|0x0000000085b00000, 0x0000000085b00000, 0x0000000085c00000|  0%| F|  |TAMS 0x0000000085b00000, 0x0000000085b00000| Untracked 
|  60|0x0000000085c00000, 0x0000000085c00000, 0x0000000085d00000|  0%| F|  |TAMS 0x0000000085c00000, 0x0000000085c00000| Untracked 
|  61|0x0000000085d00000, 0x0000000085d00000, 0x0000000085e00000|  0%| F|  |TAMS 0x0000000085d00000, 0x0000000085d00000| Untracked 
|  62|0x0000000085e00000, 0x0000000085e00000, 0x0000000085f00000|  0%| F|  |TAMS 0x0000000085e00000, 0x0000000085e00000| Untracked 
|  63|0x0000000085f00000, 0x0000000085f00000, 0x0000000086000000|  0%| F|  |TAMS 0x0000000085f00000, 0x0000000085f00000| Untracked 
|  64|0x0000000086000000, 0x0000000086000000, 0x0000000086100000|  0%| F|  |TAMS 0x0000000086000000, 0x0000000086000000| Untracked 
|  65|0x0000000086100000, 0x0000000086100000, 0x0000000086200000|  0%| F|  |TAMS 0x0000000086100000, 0x0000000086100000| Untracked 
|  66|0x0000000086200000, 0x0000000086200000, 0x0000000086300000|  0%| F|  |TAMS 0x0000000086200000, 0x0000000086200000| Untracked 
|  67|0x0000000086300000, 0x0000000086300000, 0x0000000086400000|  0%| F|  |TAMS 0x0000000086300000, 0x0000000086300000| Untracked 
|  68|0x0000000086400000, 0x0000000086400000, 0x0000000086500000|  0%| F|  |TAMS 0x0000000086400000, 0x0000000086400000| Untracked 
|  69|0x0000000086500000, 0x0000000086500000, 0x0000000086600000|  0%| F|  |TAMS 0x0000000086500000, 0x0000000086500000| Untracked 
|  70|0x0000000086600000, 0x0000000086600000, 0x0000000086700000|  0%| F|  |TAMS 0x0000000086600000, 0x0000000086600000| Untracked 
|  71|0x0000000086700000, 0x0000000086700000, 0x0000000086800000|  0%| F|  |TAMS 0x0000000086700000, 0x0000000086700000| Untracked 
|  72|0x0000000086800000, 0x0000000086800000, 0x0000000086900000|  0%| F|  |TAMS 0x0000000086800000, 0x0000000086800000| Untracked 
|  73|0x0000000086900000, 0x0000000086900000, 0x0000000086a00000|  0%| F|  |TAMS 0x0000000086900000, 0x0000000086900000| Untracked 
|  74|0x0000000086a00000, 0x0000000086a00000, 0x0000000086b00000|  0%| F|  |TAMS 0x0000000086a00000, 0x0000000086a00000| Untracked 
|  75|0x0000000086b00000, 0x0000000086b00000, 0x0000000086c00000|  0%| F|  |TAMS 0x0000000086b00000, 0x0000000086b00000| Untracked 
|  76|0x0000000086c00000, 0x0000000086c00000, 0x0000000086d00000|  0%| F|  |TAMS 0x0000000086c00000, 0x0000000086c00000| Untracked 
|  77|0x0000000086d00000, 0x0000000086d00000, 0x0000000086e00000|  0%| F|  |TAMS 0x0000000086d00000, 0x0000000086d00000| Untracked 
|  78|0x0000000086e00000, 0x0000000086e00000, 0x0000000086f00000|  0%| F|  |TAMS 0x0000000086e00000, 0x0000000086e00000| Untracked 
|  79|0x0000000086f00000, 0x0000000086f00000, 0x0000000087000000|  0%| F|  |TAMS 0x0000000086f00000, 0x0000000086f00000| Untracked 
|  80|0x0000000087000000, 0x0000000087000000, 0x0000000087100000|  0%| F|  |TAMS 0x0000000087000000, 0x0000000087000000| Untracked 
|  81|0x0000000087100000, 0x0000000087100000, 0x0000000087200000|  0%| F|  |TAMS 0x0000000087100000, 0x0000000087100000| Untracked 
|  82|0x0000000087200000, 0x0000000087200000, 0x0000000087300000|  0%| F|  |TAMS 0x0000000087200000, 0x0000000087200000| Untracked 
|  83|0x0000000087300000, 0x0000000087300000, 0x0000000087400000|  0%| F|  |TAMS 0x0000000087300000, 0x0000000087300000| Untracked 
|  84|0x0000000087400000, 0x0000000087400000, 0x0000000087500000|  0%| F|  |TAMS 0x0000000087400000, 0x0000000087400000| Untracked 
|  85|0x0000000087500000, 0x0000000087500000, 0x0000000087600000|  0%| F|  |TAMS 0x0000000087500000, 0x0000000087500000| Untracked 
|  86|0x0000000087600000, 0x0000000087600000, 0x0000000087700000|  0%| F|  |TAMS 0x0000000087600000, 0x0000000087600000| Untracked 
|  87|0x0000000087700000, 0x0000000087700000, 0x0000000087800000|  0%| F|  |TAMS 0x0000000087700000, 0x0000000087700000| Untracked 
|  88|0x0000000087800000, 0x0000000087800000, 0x0000000087900000|  0%| F|  |TAMS 0x0000000087800000, 0x0000000087800000| Untracked 
|  89|0x0000000087900000, 0x0000000087900000, 0x0000000087a00000|  0%| F|  |TAMS 0x0000000087900000, 0x0000000087900000| Untracked 
|  90|0x0000000087a00000, 0x0000000087a00000, 0x0000000087b00000|  0%| F|  |TAMS 0x0000000087a00000, 0x0000000087a00000| Untracked 
|  91|0x0000000087b00000, 0x0000000087b00000, 0x0000000087c00000|  0%| F|  |TAMS 0x0000000087b00000, 0x0000000087b00000| Untracked 
|  92|0x0000000087c00000, 0x0000000087c00000, 0x0000000087d00000|  0%| F|  |TAMS 0x0000000087c00000, 0x0000000087c00000| Untracked 
|  93|0x0000000087d00000, 0x0000000087d00000, 0x0000000087e00000|  0%| F|  |TAMS 0x0000000087d00000, 0x0000000087d00000| Untracked 
|  94|0x0000000087e00000, 0x0000000087e00000, 0x0000000087f00000|  0%| F|  |TAMS 0x0000000087e00000, 0x0000000087e00000| Untracked 
|  95|0x0000000087f00000, 0x0000000087f00000, 0x0000000088000000|  0%| F|  |TAMS 0x0000000087f00000, 0x0000000087f00000| Untracked 
|  96|0x0000000088000000, 0x0000000088000000, 0x0000000088100000|  0%| F|  |TAMS 0x0000000088000000, 0x0000000088000000| Untracked 
|  97|0x0000000088100000, 0x0000000088100000, 0x0000000088200000|  0%| F|  |TAMS 0x0000000088100000, 0x0000000088100000| Untracked 
|  98|0x0000000088200000, 0x0000000088200000, 0x0000000088300000|  0%| F|  |TAMS 0x0000000088200000, 0x0000000088200000| Untracked 
|  99|0x0000000088300000, 0x0000000088300000, 0x0000000088400000|  0%| F|  |TAMS 0x0000000088300000, 0x0000000088300000| Untracked 
| 100|0x0000000088400000, 0x0000000088400000, 0x0000000088500000|  0%| F|  |TAMS 0x0000000088400000, 0x0000000088400000| Untracked 
| 101|0x0000000088500000, 0x0000000088600000, 0x0000000088600000|100%| S|CS|TAMS 0x0000000088500000, 0x0000000088500000| Complete 
| 102|0x0000000088600000, 0x0000000088700000, 0x0000000088700000|100%| S|CS|TAMS 0x0000000088600000, 0x0000000088600000| Complete 
| 103|0x0000000088700000, 0x0000000088700000, 0x0000000088800000|  0%| F|  |TAMS 0x0000000088700000, 0x0000000088700000| Untracked 
| 104|0x0000000088800000, 0x0000000088800000, 0x0000000088900000|  0%| F|  |TAMS 0x0000000088800000, 0x0000000088800000| Untracked 
| 105|0x0000000088900000, 0x0000000088900000, 0x0000000088a00000|  0%| F|  |TAMS 0x0000000088900000, 0x0000000088900000| Untracked 
| 106|0x0000000088a00000, 0x0000000088a00000, 0x0000000088b00000|  0%| F|  |TAMS 0x0000000088a00000, 0x0000000088a00000| Untracked 
| 107|0x0000000088b00000, 0x0000000088b00000, 0x0000000088c00000|  0%| F|  |TAMS 0x0000000088b00000, 0x0000000088b00000| Untracked 
| 108|0x0000000088c00000, 0x0000000088c00000, 0x0000000088d00000|  0%| F|  |TAMS 0x0000000088c00000, 0x0000000088c00000| Untracked 
| 109|0x0000000088d00000, 0x0000000088d00000, 0x0000000088e00000|  0%| F|  |TAMS 0x0000000088d00000, 0x0000000088d00000| Untracked 
| 110|0x0000000088e00000, 0x0000000088e00000, 0x0000000088f00000|  0%| F|  |TAMS 0x0000000088e00000, 0x0000000088e00000| Untracked 
| 111|0x0000000088f00000, 0x0000000088f00000, 0x0000000089000000|  0%| F|  |TAMS 0x0000000088f00000, 0x0000000088f00000| Untracked 
| 112|0x0000000089000000, 0x0000000089000000, 0x0000000089100000|  0%| F|  |TAMS 0x0000000089000000, 0x0000000089000000| Untracked 
| 113|0x0000000089100000, 0x0000000089100000, 0x0000000089200000|  0%| F|  |TAMS 0x0000000089100000, 0x0000000089100000| Untracked 
| 114|0x0000000089200000, 0x0000000089200000, 0x0000000089300000|  0%| F|  |TAMS 0x0000000089200000, 0x0000000089200000| Untracked 
| 115|0x0000000089300000, 0x0000000089300000, 0x0000000089400000|  0%| F|  |TAMS 0x0000000089300000, 0x0000000089300000| Untracked 
| 116|0x0000000089400000, 0x0000000089400000, 0x0000000089500000|  0%| F|  |TAMS 0x0000000089400000, 0x0000000089400000| Untracked 
| 117|0x0000000089500000, 0x0000000089500000, 0x0000000089600000|  0%| F|  |TAMS 0x0000000089500000, 0x0000000089500000| Untracked 
| 118|0x0000000089600000, 0x0000000089600000, 0x0000000089700000|  0%| F|  |TAMS 0x0000000089600000, 0x0000000089600000| Untracked 
| 119|0x0000000089700000, 0x0000000089700000, 0x0000000089800000|  0%| F|  |TAMS 0x0000000089700000, 0x0000000089700000| Untracked 
| 120|0x0000000089800000, 0x0000000089800000, 0x0000000089900000|  0%| F|  |TAMS 0x0000000089800000, 0x0000000089800000| Untracked 
| 121|0x0000000089900000, 0x0000000089900000, 0x0000000089a00000|  0%| F|  |TAMS 0x0000000089900000, 0x0000000089900000| Untracked 
| 122|0x0000000089a00000, 0x0000000089a00000, 0x0000000089b00000|  0%| F|  |TAMS 0x0000000089a00000, 0x0000000089a00000| Untracked 
| 123|0x0000000089b00000, 0x0000000089b00000, 0x0000000089c00000|  0%| F|  |TAMS 0x0000000089b00000, 0x0000000089b00000| Untracked 
| 124|0x0000000089c00000, 0x0000000089c00000, 0x0000000089d00000|  0%| F|  |TAMS 0x0000000089c00000, 0x0000000089c00000| Untracked 
| 125|0x0000000089d00000, 0x0000000089d00000, 0x0000000089e00000|  0%| F|  |TAMS 0x0000000089d00000, 0x0000000089d00000| Untracked 
| 126|0x0000000089e00000, 0x0000000089e00000, 0x0000000089f00000|  0%| F|  |TAMS 0x0000000089e00000, 0x0000000089e00000| Untracked 
| 127|0x0000000089f00000, 0x0000000089f00000, 0x000000008a000000|  0%| F|  |TAMS 0x0000000089f00000, 0x0000000089f00000| Untracked 
| 128|0x000000008a000000, 0x000000008a000000, 0x000000008a100000|  0%| F|  |TAMS 0x000000008a000000, 0x000000008a000000| Untracked 
| 129|0x000000008a100000, 0x000000008a100000, 0x000000008a200000|  0%| F|  |TAMS 0x000000008a100000, 0x000000008a100000| Untracked 
| 130|0x000000008a200000, 0x000000008a200000, 0x000000008a300000|  0%| F|  |TAMS 0x000000008a200000, 0x000000008a200000| Untracked 
| 131|0x000000008a300000, 0x000000008a300000, 0x000000008a400000|  0%| F|  |TAMS 0x000000008a300000, 0x000000008a300000| Untracked 
| 132|0x000000008a400000, 0x000000008a400000, 0x000000008a500000|  0%| F|  |TAMS 0x000000008a400000, 0x000000008a400000| Untracked 
| 133|0x000000008a500000, 0x000000008a500000, 0x000000008a600000|  0%| F|  |TAMS 0x000000008a500000, 0x000000008a500000| Untracked 
| 134|0x000000008a600000, 0x000000008a600000, 0x000000008a700000|  0%| F|  |TAMS 0x000000008a600000, 0x000000008a600000| Untracked 
| 135|0x000000008a700000, 0x000000008a700000, 0x000000008a800000|  0%| F|  |TAMS 0x000000008a700000, 0x000000008a700000| Untracked 
| 136|0x000000008a800000, 0x000000008a800000, 0x000000008a900000|  0%| F|  |TAMS 0x000000008a800000, 0x000000008a800000| Untracked 
| 137|0x000000008a900000, 0x000000008a900000, 0x000000008aa00000|  0%| F|  |TAMS 0x000000008a900000, 0x000000008a900000| Untracked 
| 138|0x000000008aa00000, 0x000000008aa00000, 0x000000008ab00000|  0%| F|  |TAMS 0x000000008aa00000, 0x000000008aa00000| Untracked 
| 139|0x000000008ab00000, 0x000000008ab00000, 0x000000008ac00000|  0%| F|  |TAMS 0x000000008ab00000, 0x000000008ab00000| Untracked 
| 140|0x000000008ac00000, 0x000000008ac00000, 0x000000008ad00000|  0%| F|  |TAMS 0x000000008ac00000, 0x000000008ac00000| Untracked 
| 141|0x000000008ad00000, 0x000000008ad00000, 0x000000008ae00000|  0%| F|  |TAMS 0x000000008ad00000, 0x000000008ad00000| Untracked 
| 142|0x000000008ae00000, 0x000000008ae00000, 0x000000008af00000|  0%| F|  |TAMS 0x000000008ae00000, 0x000000008ae00000| Untracked 
| 143|0x000000008af00000, 0x000000008af00000, 0x000000008b000000|  0%| F|  |TAMS 0x000000008af00000, 0x000000008af00000| Untracked 
| 144|0x000000008b000000, 0x000000008b000000, 0x000000008b100000|  0%| F|  |TAMS 0x000000008b000000, 0x000000008b000000| Untracked 
| 145|0x000000008b100000, 0x000000008b1aee60, 0x000000008b200000| 68%| E|  |TAMS 0x000000008b100000, 0x000000008b100000| Complete 
| 146|0x000000008b200000, 0x000000008b300000, 0x000000008b300000|100%| E|CS|TAMS 0x000000008b200000, 0x000000008b200000| Complete 
| 147|0x000000008b300000, 0x000000008b400000, 0x000000008b400000|100%| E|CS|TAMS 0x000000008b300000, 0x000000008b300000| Complete 
| 148|0x000000008b400000, 0x000000008b500000, 0x000000008b500000|100%| E|CS|TAMS 0x000000008b400000, 0x000000008b400000| Complete 
| 149|0x000000008b500000, 0x000000008b600000, 0x000000008b600000|100%| E|CS|TAMS 0x000000008b500000, 0x000000008b500000| Complete 
| 150|0x000000008b600000, 0x000000008b700000, 0x000000008b700000|100%| E|CS|TAMS 0x000000008b600000, 0x000000008b600000| Complete 
| 151|0x000000008b700000, 0x000000008b800000, 0x000000008b800000|100%| E|CS|TAMS 0x000000008b700000, 0x000000008b700000| Complete 
| 152|0x000000008b800000, 0x000000008b900000, 0x000000008b900000|100%| E|CS|TAMS 0x000000008b800000, 0x000000008b800000| Complete 
| 153|0x000000008b900000, 0x000000008ba00000, 0x000000008ba00000|100%| E|CS|TAMS 0x000000008b900000, 0x000000008b900000| Complete 
| 154|0x000000008ba00000, 0x000000008bb00000, 0x000000008bb00000|100%| E|CS|TAMS 0x000000008ba00000, 0x000000008ba00000| Complete 
| 155|0x000000008bb00000, 0x000000008bc00000, 0x000000008bc00000|100%| E|CS|TAMS 0x000000008bb00000, 0x000000008bb00000| Complete 
| 156|0x000000008bc00000, 0x000000008bd00000, 0x000000008bd00000|100%| E|  |TAMS 0x000000008bc00000, 0x000000008bc00000| Complete 
| 157|0x000000008bd00000, 0x000000008be00000, 0x000000008be00000|100%| E|CS|TAMS 0x000000008bd00000, 0x000000008bd00000| Complete 
| 158|0x000000008be00000, 0x000000008bf00000, 0x000000008bf00000|100%| E|CS|TAMS 0x000000008be00000, 0x000000008be00000| Complete 
| 159|0x000000008bf00000, 0x000000008c000000, 0x000000008c000000|100%| E|CS|TAMS 0x000000008bf00000, 0x000000008bf00000| Complete 
| 160|0x000000008c000000, 0x000000008c100000, 0x000000008c100000|100%| E|CS|TAMS 0x000000008c000000, 0x000000008c000000| Complete 
| 161|0x000000008c100000, 0x000000008c200000, 0x000000008c200000|100%| E|CS|TAMS 0x000000008c100000, 0x000000008c100000| Complete 
| 162|0x000000008c200000, 0x000000008c300000, 0x000000008c300000|100%| E|CS|TAMS 0x000000008c200000, 0x000000008c200000| Complete 
| 163|0x000000008c300000, 0x000000008c400000, 0x000000008c400000|100%| E|CS|TAMS 0x000000008c300000, 0x000000008c300000| Complete 
| 164|0x000000008c400000, 0x000000008c500000, 0x000000008c500000|100%| E|CS|TAMS 0x000000008c400000, 0x000000008c400000| Complete 
| 165|0x000000008c500000, 0x000000008c600000, 0x000000008c600000|100%| E|CS|TAMS 0x000000008c500000, 0x000000008c500000| Complete 
| 166|0x000000008c600000, 0x000000008c700000, 0x000000008c700000|100%| E|CS|TAMS 0x000000008c600000, 0x000000008c600000| Complete 
| 167|0x000000008c700000, 0x000000008c800000, 0x000000008c800000|100%| E|CS|TAMS 0x000000008c700000, 0x000000008c700000| Complete 
| 168|0x000000008c800000, 0x000000008c900000, 0x000000008c900000|100%| E|CS|TAMS 0x000000008c800000, 0x000000008c800000| Complete 
| 169|0x000000008c900000, 0x000000008ca00000, 0x000000008ca00000|100%| E|CS|TAMS 0x000000008c900000, 0x000000008c900000| Complete 
| 170|0x000000008ca00000, 0x000000008cb00000, 0x000000008cb00000|100%| E|CS|TAMS 0x000000008ca00000, 0x000000008ca00000| Complete 
| 171|0x000000008cb00000, 0x000000008cc00000, 0x000000008cc00000|100%| E|CS|TAMS 0x000000008cb00000, 0x000000008cb00000| Complete 
| 172|0x000000008cc00000, 0x000000008cd00000, 0x000000008cd00000|100%| E|CS|TAMS 0x000000008cc00000, 0x000000008cc00000| Complete 
| 173|0x000000008cd00000, 0x000000008ce00000, 0x000000008ce00000|100%| E|CS|TAMS 0x000000008cd00000, 0x000000008cd00000| Complete 
| 174|0x000000008ce00000, 0x000000008cf00000, 0x000000008cf00000|100%| E|CS|TAMS 0x000000008ce00000, 0x000000008ce00000| Complete 
| 175|0x000000008cf00000, 0x000000008d000000, 0x000000008d000000|100%| E|CS|TAMS 0x000000008cf00000, 0x000000008cf00000| Complete 
| 176|0x000000008d000000, 0x000000008d100000, 0x000000008d100000|100%| E|CS|TAMS 0x000000008d000000, 0x000000008d000000| Complete 
| 177|0x000000008d100000, 0x000000008d200000, 0x000000008d200000|100%| E|CS|TAMS 0x000000008d100000, 0x000000008d100000| Complete 
| 178|0x000000008d200000, 0x000000008d300000, 0x000000008d300000|100%| E|CS|TAMS 0x000000008d200000, 0x000000008d200000| Complete 
| 179|0x000000008d300000, 0x000000008d400000, 0x000000008d400000|100%| E|CS|TAMS 0x000000008d300000, 0x000000008d300000| Complete 
| 180|0x000000008d400000, 0x000000008d500000, 0x000000008d500000|100%| E|CS|TAMS 0x000000008d400000, 0x000000008d400000| Complete 

Card table byte_map: [0x000002a37be90000,0x000002a37c280000] _byte_map_base: 0x000002a37ba80000

Marking Bits (Prev, Next): (CMBitMap*) 0x000002a37429fab0, (CMBitMap*) 0x000002a37429faf0
 Prev Bits: [0x000002a37c670000, 0x000002a37e5f0000)
 Next Bits: [0x000002a30f000000, 0x000002a310f80000)

Polling page: 0x000002a372210000

Metaspace:

Usage:
  Non-class:     53.51 MB used.
      Class:      8.34 MB used.
       Both:     61.84 MB used.

Virtual space:
  Non-class space:       56.00 MB reserved,      53.69 MB ( 96%) committed,  7 nodes.
      Class space:        1.00 GB reserved,       8.50 MB ( <1%) committed,  1 nodes.
             Both:        1.05 GB reserved,      62.19 MB (  6%) committed. 

Chunk freelists:
   Non-Class:  2.00 MB
       Class:  3.45 MB
        Both:  5.45 MB

MaxMetaspaceSize: unlimited
CompressedClassSpaceSize: 1.00 GB
Initial GC threshold: 21.00 MB
Current GC threshold: 103.69 MB
CDS: on
MetaspaceReclaimPolicy: balanced
 - commit_granule_bytes: 65536.
 - commit_granule_words: 8192.
 - virtual_space_node_default_size: 1048576.
 - enlarge_chunks_in_place: 1.
 - new_chunks_are_fully_committed: 0.
 - uncommit_free_chunks: 1.
 - use_allocation_guard: 0.
 - handle_deallocations: 1.


Internal statistics:

num_allocs_failed_limit: 6.
num_arena_births: 496.
num_arena_deaths: 0.
num_vsnodes_births: 8.
num_vsnodes_deaths: 0.
num_space_committed: 995.
num_space_uncommitted: 0.
num_chunks_returned_to_freelist: 6.
num_chunks_taken_from_freelist: 2803.
num_chunk_merges: 6.
num_chunk_splits: 2031.
num_chunks_enlarged: 1639.
num_purges: 0.
num_inconsistent_stats: 0.

CodeHeap 'non-profiled nmethods': size=120000Kb used=4219Kb max_used=4219Kb free=115780Kb
 bounds [0x000002a307ad0000, 0x000002a307ef0000, 0x000002a30f000000]
CodeHeap 'profiled nmethods': size=120000Kb used=11860Kb max_used=11860Kb free=108139Kb
 bounds [0x000002a3005a0000, 0x000002a301140000, 0x000002a307ad0000]
CodeHeap 'non-nmethods': size=5760Kb used=1312Kb max_used=1379Kb free=4447Kb
 bounds [0x000002a300000000, 0x000002a300270000, 0x000002a3005a0000]
 total_blobs=5943 nmethods=5302 adapters=551
 compilation: enabled
              stopped_count=0, restarted_count=0
 full_count=0

Compilation events (20 events):
Event: 71.509 Thread 0x000002a371ffacd0 5982       3       java.util.ComparableTimSort::reverseRange (32 bytes)
Event: 71.510 Thread 0x000002a371ffacd0 nmethod 5982 0x000002a30110af10 code [0x000002a30110b0e0, 0x000002a30110b5f8]
Event: 71.526 Thread 0x000002a371ffacd0 5983       3       java.util.Arrays::hashCode (56 bytes)
Event: 71.527 Thread 0x000002a371ffacd0 nmethod 5983 0x000002a30110b790 code [0x000002a30110b940, 0x000002a30110bca8]
Event: 71.533 Thread 0x000002a371ffcb30 nmethod 5981% 0x000002a307ede890 code [0x000002a307edea40, 0x000002a307edf538]
Event: 71.536 Thread 0x000002a371ffcb30 5984   !   4       java.util.concurrent.ConcurrentHashMap::transfer (849 bytes)
Event: 71.645 Thread 0x000002a371ffacd0 5987       3       java.util.concurrent.ConcurrentLinkedQueue$Node::casItem (10 bytes)
Event: 71.647 Thread 0x000002a371ffacd0 nmethod 5987 0x000002a30110be10 code [0x000002a30110c0a0, 0x000002a30110cd18]
Event: 71.709 Thread 0x000002a371ffcb30 nmethod 5984 0x000002a307edfb10 code [0x000002a307edfd80, 0x000002a307ee2ba0]
Event: 71.709 Thread 0x000002a371ffcb30 5985   !   4       io.github.classgraph.ClasspathElementZip::open (1112 bytes)
Event: 71.749 Thread 0x000002a371ffacd0 5989       3       nonapi.io.github.classgraph.fileslice.Slice::<init> (13 bytes)
Event: 71.749 Thread 0x000002a371ffacd0 nmethod 5989 0x000002a30110d190 code [0x000002a30110d340, 0x000002a30110d4a8]
Event: 71.758 Thread 0x000002a371ffacd0 5990       3       nonapi.io.github.classgraph.fileslice.reader.RandomAccessFileChannelReader::readShort (7 bytes)
Event: 71.758 Thread 0x000002a371ffacd0 nmethod 5990 0x000002a30110d590 code [0x000002a30110d740, 0x000002a30110d888]
Event: 71.758 Thread 0x000002a371ffacd0 5991   !   3       nonapi.io.github.classgraph.fastzipfilereader.NestedJarHandler$8::read (225 bytes)
Event: 71.760 Thread 0x000002a371ffacd0 nmethod 5991 0x000002a30110d990 code [0x000002a30110dc80, 0x000002a30110ec88]
Event: 71.764 Thread 0x000002a371ffacd0 5992       3       nonapi.io.github.classgraph.fastzipfilereader.PhysicalZipFile::hashCode (46 bytes)
Event: 71.764 Thread 0x000002a371ffacd0 nmethod 5992 0x000002a30110f490 code [0x000002a30110f660, 0x000002a30110f9d8]
Event: 71.765 Thread 0x000002a371ffacd0 5993   !   3       nonapi.io.github.classgraph.fastzipfilereader.NestedJarHandler$8::close (37 bytes)
Event: 71.766 Thread 0x000002a371ffacd0 nmethod 5993 0x000002a30110fb90 code [0x000002a30110fe00, 0x000002a3011108e8]

GC Heap History (20 events):
Event: 66.068 GC heap before
{Heap before GC invocations=19 (full 0):
 garbage-first heap   total 55296K, used 43191K [0x0000000082000000, 0x0000000100000000)
  region size 1024K, 18 young (18432K), 3 survivors (3072K)
 Metaspace       used 58383K, committed 58816K, reserved 1105920K
  class space    used 7908K, committed 8128K, reserved 1048576K
}
Event: 66.076 GC heap after
{Heap after GC invocations=20 (full 0):
 garbage-first heap   total 55296K, used 29568K [0x0000000082000000, 0x0000000100000000)
  region size 1024K, 2 young (2048K), 2 survivors (2048K)
 Metaspace       used 58383K, committed 58816K, reserved 1105920K
  class space    used 7908K, committed 8128K, reserved 1048576K
}
Event: 67.449 GC heap before
{Heap before GC invocations=21 (full 0):
 garbage-first heap   total 55296K, used 44928K [0x0000000082000000, 0x0000000100000000)
  region size 1024K, 17 young (17408K), 2 survivors (2048K)
 Metaspace       used 59897K, committed 60288K, reserved 1105920K
  class space    used 8121K, committed 8320K, reserved 1048576K
}
Event: 67.456 GC heap after
{Heap after GC invocations=22 (full 0):
 garbage-first heap   total 55296K, used 31020K [0x0000000082000000, 0x0000000100000000)
  region size 1024K, 3 young (3072K), 3 survivors (3072K)
 Metaspace       used 59897K, committed 60288K, reserved 1105920K
  class space    used 8121K, committed 8320K, reserved 1048576K
}
Event: 68.634 GC heap before
{Heap before GC invocations=22 (full 0):
 garbage-first heap   total 55296K, used 44332K [0x0000000082000000, 0x0000000100000000)
  region size 1024K, 16 young (16384K), 3 survivors (3072K)
 Metaspace       used 61017K, committed 61440K, reserved 1105920K
  class space    used 8283K, committed 8448K, reserved 1048576K
}
Event: 68.640 GC heap after
{Heap after GC invocations=23 (full 0):
 garbage-first heap   total 55296K, used 32064K [0x0000000082000000, 0x0000000100000000)
  region size 1024K, 2 young (2048K), 2 survivors (2048K)
 Metaspace       used 61017K, committed 61440K, reserved 1105920K
  class space    used 8283K, committed 8448K, reserved 1048576K
}
Event: 69.245 GC heap before
{Heap before GC invocations=24 (full 0):
 garbage-first heap   total 58368K, used 44352K [0x0000000082000000, 0x0000000100000000)
  region size 1024K, 14 young (14336K), 2 survivors (2048K)
 Metaspace       used 61611K, committed 62016K, reserved 1105920K
  class space    used 8357K, committed 8576K, reserved 1048576K
}
Event: 69.251 GC heap after
{Heap after GC invocations=25 (full 0):
 garbage-first heap   total 58368K, used 33402K [0x0000000082000000, 0x0000000100000000)
  region size 1024K, 2 young (2048K), 2 survivors (2048K)
 Metaspace       used 61611K, committed 62016K, reserved 1105920K
  class space    used 8357K, committed 8576K, reserved 1048576K
}
Event: 70.228 GC heap before
{Heap before GC invocations=25 (full 0):
 garbage-first heap   total 58368K, used 41594K [0x0000000082000000, 0x0000000100000000)
  region size 1024K, 11 young (11264K), 2 survivors (2048K)
 Metaspace       used 62991K, committed 63424K, reserved 1105920K
  class space    used 8522K, committed 8704K, reserved 1048576K
}
Event: 70.235 GC heap after
{Heap after GC invocations=26 (full 0):
 garbage-first heap   total 58368K, used 34226K [0x0000000082000000, 0x0000000100000000)
  region size 1024K, 1 young (1024K), 1 survivors (1024K)
 Metaspace       used 62991K, committed 63424K, reserved 1105920K
  class space    used 8522K, committed 8704K, reserved 1048576K
}
Event: 70.453 GC heap before
{Heap before GC invocations=27 (full 0):
 garbage-first heap   total 71680K, used 47538K [0x0000000082000000, 0x0000000100000000)
  region size 1024K, 14 young (14336K), 1 survivors (1024K)
 Metaspace       used 63052K, committed 63488K, reserved 1105920K
  class space    used 8522K, committed 8704K, reserved 1048576K
}
Event: 70.460 GC heap after
{Heap after GC invocations=28 (full 0):
 garbage-first heap   total 71680K, used 38216K [0x0000000082000000, 0x0000000100000000)
  region size 1024K, 2 young (2048K), 2 survivors (2048K)
 Metaspace       used 63052K, committed 63488K, reserved 1105920K
  class space    used 8522K, committed 8704K, reserved 1048576K
}
Event: 70.751 GC heap before
{Heap before GC invocations=28 (full 0):
 garbage-first heap   total 71680K, used 55624K [0x0000000082000000, 0x0000000100000000)
  region size 1024K, 20 young (20480K), 2 survivors (2048K)
 Metaspace       used 63084K, committed 63488K, reserved 1105920K
  class space    used 8522K, committed 8704K, reserved 1048576K
}
Event: 70.758 GC heap after
{Heap after GC invocations=29 (full 0):
 garbage-first heap   total 71680K, used 41189K [0x0000000082000000, 0x0000000100000000)
  region size 1024K, 3 young (3072K), 3 survivors (3072K)
 Metaspace       used 63084K, committed 63488K, reserved 1105920K
  class space    used 8522K, committed 8704K, reserved 1048576K
}
Event: 71.045 GC heap before
{Heap before GC invocations=30 (full 0):
 garbage-first heap   total 83968K, used 56549K [0x0000000082000000, 0x0000000100000000)
  region size 1024K, 18 young (18432K), 3 survivors (3072K)
 Metaspace       used 63161K, committed 63552K, reserved 1105920K
  class space    used 8525K, committed 8704K, reserved 1048576K
}
Event: 71.056 GC heap after
{Heap after GC invocations=31 (full 0):
 garbage-first heap   total 83968K, used 46570K [0x0000000082000000, 0x0000000100000000)
  region size 1024K, 3 young (3072K), 3 survivors (3072K)
 Metaspace       used 63161K, committed 63552K, reserved 1105920K
  class space    used 8525K, committed 8704K, reserved 1048576K
}
Event: 71.440 GC heap before
{Heap before GC invocations=31 (full 0):
 garbage-first heap   total 83968K, used 52714K [0x0000000082000000, 0x0000000100000000)
  region size 1024K, 10 young (10240K), 3 survivors (3072K)
 Metaspace       used 63298K, committed 63680K, reserved 1105920K
  class space    used 8535K, committed 8704K, reserved 1048576K
}
Event: 71.450 GC heap after
{Heap after GC invocations=32 (full 0):
 garbage-first heap   total 83968K, used 49021K [0x0000000082000000, 0x0000000100000000)
  region size 1024K, 2 young (2048K), 2 survivors (2048K)
 Metaspace       used 63298K, committed 63680K, reserved 1105920K
  class space    used 8535K, committed 8704K, reserved 1048576K
}
Event: 71.610 GC heap before
{Heap before GC invocations=32 (full 0):
 garbage-first heap   total 106496K, used 63357K [0x0000000082000000, 0x0000000100000000)
  region size 1024K, 15 young (15360K), 2 survivors (2048K)
 Metaspace       used 63300K, committed 63680K, reserved 1105920K
  class space    used 8535K, committed 8704K, reserved 1048576K
}
Event: 71.618 GC heap after
{Heap after GC invocations=33 (full 0):
 garbage-first heap   total 185344K, used 52045K [0x0000000082000000, 0x0000000100000000)
  region size 1024K, 2 young (2048K), 2 survivors (2048K)
 Metaspace       used 63300K, committed 63680K, reserved 1105920K
  class space    used 8535K, committed 8704K, reserved 1048576K
}

Deoptimization events (20 events):
Event: 71.580 Thread 0x000002a317a09450 DEOPT PACKING pc=0x000002a30109d49b sp=0x000000fc390fec80
Event: 71.580 Thread 0x000002a317a09450 DEOPT UNPACKING pc=0x000002a300052b43 sp=0x000000fc390fe340 mode 0
Event: 71.632 Thread 0x000002a317a050f0 DEOPT PACKING pc=0x000002a30109d49b sp=0x000000fc38efed30
Event: 71.632 Thread 0x000002a317a050f0 DEOPT UNPACKING pc=0x000002a300052b43 sp=0x000000fc38efe3f0 mode 0
Event: 71.633 Thread 0x000002a317a055c0 DEOPT PACKING pc=0x000002a300feff60 sp=0x000000fc392fe410
Event: 71.633 Thread 0x000002a317a055c0 DEOPT UNPACKING pc=0x000002a300052b43 sp=0x000000fc392fd908 mode 0
Event: 71.639 Thread 0x000002a317a050f0 DEOPT PACKING pc=0x000002a30109d0cc sp=0x000000fc38efed30
Event: 71.639 Thread 0x000002a317a050f0 DEOPT UNPACKING pc=0x000002a300052b43 sp=0x000000fc38efe3f0 mode 0
Event: 71.648 Thread 0x000002a317a09920 DEOPT PACKING pc=0x000002a30109d49b sp=0x000000fc391feb50
Event: 71.649 Thread 0x000002a317a09920 DEOPT UNPACKING pc=0x000002a300052b43 sp=0x000000fc391fe210 mode 0
Event: 71.662 Thread 0x000002a317a08ab0 DEOPT PACKING pc=0x000002a30109d0cc sp=0x000000fc38fff0a0
Event: 71.663 Thread 0x000002a317a08ab0 DEOPT UNPACKING pc=0x000002a300052b43 sp=0x000000fc38ffe760 mode 0
Event: 71.677 Thread 0x000002a317a09450 DEOPT PACKING pc=0x000002a30109d49b sp=0x000000fc390fec80
Event: 71.677 Thread 0x000002a317a09450 DEOPT UNPACKING pc=0x000002a300052b43 sp=0x000000fc390fe340 mode 0
Event: 71.737 Thread 0x000002a317a06430 DEOPT PACKING pc=0x000002a300fcf12b sp=0x000000fc395fdd30
Event: 71.737 Thread 0x000002a317a06430 DEOPT UNPACKING pc=0x000002a300052b43 sp=0x000000fc395fd1e8 mode 0
Event: 71.745 Thread 0x000002a317a09920 DEOPT PACKING pc=0x000002a30109d0cc sp=0x000000fc391feb50
Event: 71.745 Thread 0x000002a317a09920 DEOPT UNPACKING pc=0x000002a300052b43 sp=0x000000fc391fe210 mode 0
Event: 71.760 Thread 0x000002a317a06430 DEOPT PACKING pc=0x000002a30109d49b sp=0x000000fc395fe9e0
Event: 71.760 Thread 0x000002a317a06430 DEOPT UNPACKING pc=0x000002a300052b43 sp=0x000000fc395fe0a0 mode 0

Classes unloaded (0 events):
No events

Classes redefined (0 events):
No events

Internal exceptions (20 events):
Event: 69.262 Thread 0x000002a3720ccfb0 Exception <a 'java/lang/ClassNotFoundException'{0x0000000089d57da0}: org/springframework/http/converter/HttpMessageConverterCustomizer> (0x0000000089d57da0) 
thrown [s\open\src\hotspot\share\classfile\systemDictionary.cpp, line 256]
Event: 69.283 Thread 0x000002a3720ccfb0 Exception <a 'java/lang/ClassNotFoundException'{0x0000000089d9c198}: java/lang/ObjectCustomizer> (0x0000000089d9c198) 
thrown [s\open\src\hotspot\share\classfile\systemDictionary.cpp, line 256]
Event: 69.285 Thread 0x000002a3720ccfb0 Exception <a 'java/lang/ClassNotFoundException'{0x0000000089da65f8}: org/springframework/boot/autoconfigure/http/HttpMessageConvertersCustomizer> (0x0000000089da65f8) 
thrown [s\open\src\hotspot\share\classfile\systemDictionary.cpp, line 256]
Event: 69.287 Thread 0x000002a3720ccfb0 Exception <a 'java/lang/ClassNotFoundException'{0x0000000089daef28}: java/lang/IterableCustomizer> (0x0000000089daef28) 
thrown [s\open\src\hotspot\share\classfile\systemDictionary.cpp, line 256]
Event: 69.432 Thread 0x000002a3720ccfb0 Exception <a 'java/lang/ClassNotFoundException'{0x0000000085c59978}: java/lang/ObjectCustomizer> (0x0000000085c59978) 
thrown [s\open\src\hotspot\share\classfile\systemDictionary.cpp, line 256]
Event: 69.433 Thread 0x000002a3720ccfb0 Exception <a 'java/lang/ClassNotFoundException'{0x0000000085c63360}: org/springframework/context/support/ApplicationObjectSupportCustomizer> (0x0000000085c63360) 
thrown [s\open\src\hotspot\share\classfile\systemDictionary.cpp, line 256]
Event: 69.434 Thread 0x000002a3720ccfb0 Exception <a 'java/lang/ClassNotFoundException'{0x0000000085c6c818}: org/springframework/web/context/support/WebApplicationObjectSupportCustomizer> (0x0000000085c6c818) 
thrown [s\open\src\hotspot\share\classfile\systemDictionary.cpp, line 256]
Event: 69.435 Thread 0x000002a3720ccfb0 Exception <a 'java/lang/ClassNotFoundException'{0x0000000085c74930}: org/springframework/web/servlet/handler/AbstractHandlerMappingCustomizer> (0x0000000085c74930) 
thrown [s\open\src\hotspot\share\classfile\systemDictionary.cpp, line 256]
Event: 69.437 Thread 0x000002a3720ccfb0 Exception <a 'java/lang/ClassNotFoundException'{0x0000000085c8b3d0}: org/springframework/web/servlet/function/support/RouterFunctionMappingCustomizer> (0x0000000085c8b3d0) 
thrown [s\open\src\hotspot\share\classfile\systemDictionary.cpp, line 256]
Event: 69.439 Thread 0x000002a3720ccfb0 Exception <a 'java/lang/ClassNotFoundException'{0x0000000085ca9570}: org/springframework/beans/factory/InitializingBeanCustomizer> (0x0000000085ca9570) 
thrown [s\open\src\hotspot\share\classfile\systemDictionary.cpp, line 256]
Event: 69.440 Thread 0x000002a3720ccfb0 Exception <a 'java/lang/ClassNotFoundException'{0x0000000085cb00e8}: org/springframework/web/servlet/HandlerMappingCustomizer> (0x0000000085cb00e8) 
thrown [s\open\src\hotspot\share\classfile\systemDictionary.cpp, line 256]
Event: 69.442 Thread 0x000002a3720ccfb0 Exception <a 'java/lang/ClassNotFoundException'{0x0000000085cb6de8}: org/springframework/core/OrderedCustomizer> (0x0000000085cb6de8) 
thrown [s\open\src\hotspot\share\classfile\systemDictionary.cpp, line 256]
Event: 69.444 Thread 0x000002a3720ccfb0 Exception <a 'java/lang/ClassNotFoundException'{0x0000000085cbdc70}: org/springframework/beans/factory/BeanNameAwareCustomizer> (0x0000000085cbdc70) 
thrown [s\open\src\hotspot\share\classfile\systemDictionary.cpp, line 256]
Event: 69.445 Thread 0x000002a3720ccfb0 Exception <a 'java/lang/ClassNotFoundException'{0x0000000085cc4b70}: org/springframework/beans/factory/AwareCustomizer> (0x0000000085cc4b70) 
thrown [s\open\src\hotspot\share\classfile\systemDictionary.cpp, line 256]
Event: 69.446 Thread 0x000002a3720ccfb0 Exception <a 'java/lang/ClassNotFoundException'{0x0000000085ccaec0}: org/springframework/web/context/ServletContextAwareCustomizer> (0x0000000085ccaec0) 
thrown [s\open\src\hotspot\share\classfile\systemDictionary.cpp, line 256]
Event: 69.447 Thread 0x000002a3720ccfb0 Exception <a 'java/lang/ClassNotFoundException'{0x0000000085cd1e38}: org/springframework/beans/factory/AwareCustomizer> (0x0000000085cd1e38) 
thrown [s\open\src\hotspot\share\classfile\systemDictionary.cpp, line 256]
Event: 69.448 Thread 0x000002a3720ccfb0 Exception <a 'java/lang/ClassNotFoundException'{0x0000000085cd83c8}: org/springframework/context/ApplicationContextAwareCustomizer> (0x0000000085cd83c8) 
thrown [s\open\src\hotspot\share\classfile\systemDictionary.cpp, line 256]
Event: 69.449 Thread 0x000002a3720ccfb0 Exception <a 'java/lang/ClassNotFoundException'{0x0000000085cdf9f0}: org/springframework/beans/factory/AwareCustomizer> (0x0000000085cdf9f0) 
thrown [s\open\src\hotspot\share\classfile\systemDictionary.cpp, line 256]
Event: 69.454 Thread 0x000002a3720ccfb0 Exception <a 'java/lang/IncompatibleClassChangeError'{0x0000000085b1bd18}: Found class java.lang.Object, but interface was expected> (0x0000000085b1bd18) 
thrown [s\open\src\hotspot\share\interpreter\linkResolver.cpp, line 826]
Event: 71.231 Thread 0x000002a317a04c20 Implicit null exception at 0x000002a307ca046c to 0x000002a307ca0514

VM Operations (20 events):
Event: 70.453 Executing VM operation: G1CollectForAllocation
Event: 70.460 Executing VM operation: G1CollectForAllocation done
Event: 70.751 Executing VM operation: G1CollectForAllocation
Event: 70.759 Executing VM operation: G1CollectForAllocation done
Event: 70.877 Executing VM operation: G1Concurrent
Event: 70.895 Executing VM operation: G1Concurrent done
Event: 70.945 Executing VM operation: G1Concurrent
Event: 70.949 Executing VM operation: G1Concurrent done
Event: 71.029 Executing VM operation: G1CollectForAllocation
Event: 71.065 Executing VM operation: G1CollectForAllocation done
Event: 71.144 Executing VM operation: HandshakeAllThreads
Event: 71.144 Executing VM operation: HandshakeAllThreads done
Event: 71.419 Executing VM operation: G1TryInitiateConcMark
Event: 71.453 Executing VM operation: G1TryInitiateConcMark done
Event: 71.586 Executing VM operation: G1Concurrent
Event: 71.609 Executing VM operation: G1Concurrent done
Event: 71.610 Executing VM operation: G1CollectForAllocation
Event: 71.618 Executing VM operation: G1CollectForAllocation done
Event: 71.674 Executing VM operation: G1Concurrent
Event: 71.674 Executing VM operation: G1Concurrent done

Events (20 events):
Event: 71.271 Thread 0x000002a317a05f60 Thread added: 0x000002a317a05f60
Event: 71.271 Thread 0x000002a317a09920 Thread added: 0x000002a317a09920
Event: 71.271 Thread 0x000002a317a06430 Thread added: 0x000002a317a06430
Event: 71.272 Thread 0x000002a317a08ab0 Thread added: 0x000002a317a08ab0
Event: 71.293 Thread 0x000002a317a09450 Thread exited: 0x000002a317a09450
Event: 71.293 Thread 0x000002a317a07770 Thread exited: 0x000002a317a07770
Event: 71.293 Thread 0x000002a317a09920 Thread exited: 0x000002a317a09920
Event: 71.293 Thread 0x000002a317a05f60 Thread exited: 0x000002a317a05f60
Event: 71.293 Thread 0x000002a317a08f80 Thread exited: 0x000002a317a08f80
Event: 71.293 Thread 0x000002a317a02a70 Thread exited: 0x000002a317a02a70
Event: 71.293 Thread 0x000002a317a08ab0 Thread exited: 0x000002a317a08ab0
Event: 71.294 Thread 0x000002a317a06430 Thread exited: 0x000002a317a06430
Event: 71.373 Thread 0x000002a317a050f0 Thread added: 0x000002a317a050f0
Event: 71.387 Thread 0x000002a317a08ab0 Thread added: 0x000002a317a08ab0
Event: 71.387 Thread 0x000002a317a09450 Thread added: 0x000002a317a09450
Event: 71.387 Thread 0x000002a317a09920 Thread added: 0x000002a317a09920
Event: 71.387 Thread 0x000002a317a055c0 Thread added: 0x000002a317a055c0
Event: 71.387 Thread 0x000002a317a05f60 Thread added: 0x000002a317a05f60
Event: 71.388 Thread 0x000002a317a08110 Thread added: 0x000002a317a08110
Event: 71.388 Thread 0x000002a317a06430 Thread added: 0x000002a317a06430


Dynamic libraries:
0x00007ff612e00000 - 0x00007ff612e10000 	C:\Program Files\Java\jdk-17.0.4\bin\java.exe
0x00007ffbc2ff0000 - 0x00007ffbc31e8000 	C:\WINDOWS\SYSTEM32\ntdll.dll
0x00007ffbc1130000 - 0x00007ffbc11ed000 	C:\WINDOWS\System32\KERNEL32.DLL
0x00007ffbc0d30000 - 0x00007ffbc0ffe000 	C:\WINDOWS\System32\KERNELBASE.dll
0x00007ffbc0a40000 - 0x00007ffbc0b40000 	C:\WINDOWS\System32\ucrtbase.dll
0x00007ffbba170000 - 0x00007ffbba188000 	C:\Program Files\Java\jdk-17.0.4\bin\jli.dll
0x00007ffbc11f0000 - 0x00007ffbc129e000 	C:\WINDOWS\System32\ADVAPI32.dll
0x00007ffbc2a80000 - 0x00007ffbc2b1e000 	C:\WINDOWS\System32\msvcrt.dll
0x00007ffbc25c0000 - 0x00007ffbc265c000 	C:\WINDOWS\System32\sechost.dll
0x00007ffbc12a0000 - 0x00007ffbc13c5000 	C:\WINDOWS\System32\RPCRT4.dll
0x00007ffbc2690000 - 0x00007ffbc2830000 	C:\WINDOWS\System32\USER32.dll
0x00007ffbc07c0000 - 0x00007ffbc07e2000 	C:\WINDOWS\System32\win32u.dll
0x00007ffbc2830000 - 0x00007ffbc285a000 	C:\WINDOWS\System32\GDI32.dll
0x00007ffbc0890000 - 0x00007ffbc099b000 	C:\WINDOWS\System32\gdi32full.dll
0x00007ffbc09a0000 - 0x00007ffbc0a3d000 	C:\WINDOWS\System32\msvcp_win.dll
0x00007ffba5c90000 - 0x00007ffba5caa000 	C:\Program Files\Java\jdk-17.0.4\bin\VCRUNTIME140.dll
0x00007ffbbf6f0000 - 0x00007ffbbf98a000 	C:\WINDOWS\WinSxS\amd64_microsoft.windows.common-controls_6595b64144ccf1df_6.0.19041.1110_none_60b5254171f9507e\COMCTL32.dll
0x00007ffbbd8c0000 - 0x00007ffbbd8ca000 	C:\WINDOWS\SYSTEM32\VERSION.dll
0x00007ffbc2660000 - 0x00007ffbc2690000 	C:\WINDOWS\System32\IMM32.DLL
0x00007ffbae7c0000 - 0x00007ffbae8e8000 	C:\Program Files (x86)\Citrix\ICA Client\epclient64.dll
0x00007ffbc0310000 - 0x00007ffbc0343000 	C:\WINDOWS\SYSTEM32\ntmarta.dll
0x00007ffbb2cc0000 - 0x00007ffbb2ccc000 	C:\Program Files\Java\jdk-17.0.4\bin\vcruntime140_1.dll
0x00007ffb91d90000 - 0x00007ffb91e1d000 	C:\Program Files\Java\jdk-17.0.4\bin\msvcp140.dll
0x00007ffb6d590000 - 0x00007ffb6e152000 	C:\Program Files\Java\jdk-17.0.4\bin\server\jvm.dll
0x00007ffbc2860000 - 0x00007ffbc2868000 	C:\WINDOWS\System32\PSAPI.DLL
0x00007ffbad130000 - 0x00007ffbad139000 	C:\WINDOWS\SYSTEM32\WSOCK32.dll
0x00007ffbc13d0000 - 0x00007ffbc143b000 	C:\WINDOWS\System32\WS2_32.dll
0x00007ffbaf360000 - 0x00007ffbaf387000 	C:\WINDOWS\SYSTEM32\WINMM.dll
0x00007ffbbd810000 - 0x00007ffbbd822000 	C:\WINDOWS\SYSTEM32\kernel.appcore.dll
0x00007ffbb08d0000 - 0x00007ffbb08da000 	C:\Program Files\Java\jdk-17.0.4\bin\jimage.dll
0x00007ffbc0120000 - 0x00007ffbc0304000 	C:\WINDOWS\SYSTEM32\DBGHELP.DLL
0x00007ffbbfab0000 - 0x00007ffbbfadc000 	C:\WINDOWS\SYSTEM32\dbgcore.DLL
0x00007ffbc0ca0000 - 0x00007ffbc0d22000 	C:\WINDOWS\System32\bcryptPrimitives.dll
0x00007ffb91d60000 - 0x00007ffb91d85000 	C:\Program Files\Java\jdk-17.0.4\bin\java.dll
0x00007ffb91c80000 - 0x00007ffb91d56000 	C:\Program Files\Java\jdk-17.0.4\bin\jsvml.dll
0x00007ffbc1c20000 - 0x00007ffbc2364000 	C:\WINDOWS\System32\SHELL32.dll
0x00007ffbbda30000 - 0x00007ffbbe1c4000 	C:\WINDOWS\SYSTEM32\windows.storage.dll
0x00007ffbc2c50000 - 0x00007ffbc2fa4000 	C:\WINDOWS\System32\combase.dll
0x00007ffbbfdd0000 - 0x00007ffbbfe00000 	C:\WINDOWS\SYSTEM32\Wldp.dll
0x00007ffbc1520000 - 0x00007ffbc15cd000 	C:\WINDOWS\System32\SHCORE.dll
0x000002a3741a0000 - 0x000002a3741f5000 	C:\WINDOWS\System32\shlwapi.dll
0x00007ffbc0650000 - 0x00007ffbc066f000 	C:\WINDOWS\SYSTEM32\profapi.dll
0x00007ffb6d300000 - 0x00007ffb6d319000 	C:\Program Files\Java\jdk-17.0.4\bin\net.dll
0x00007ffbb4230000 - 0x00007ffbb433a000 	C:\WINDOWS\SYSTEM32\WINHTTP.dll
0x00007ffbbfa40000 - 0x00007ffbbfaaa000 	C:\WINDOWS\system32\mswsock.dll
0x00007ffb6d2e0000 - 0x00007ffb6d2f6000 	C:\Program Files\Java\jdk-17.0.4\bin\nio.dll
0x00007ffb6d2c0000 - 0x00007ffb6d2d8000 	C:\Program Files\Java\jdk-17.0.4\bin\zip.dll
0x00007ffbbe960000 - 0x00007ffbbe969000 	C:\Program Files\Java\jdk-17.0.4\bin\management.dll
0x00007ffbbe950000 - 0x00007ffbbe95b000 	C:\Program Files\Java\jdk-17.0.4\bin\management_ext.dll
0x00007ffbb9ba0000 - 0x00007ffbb9bb0000 	C:\Program Files\Java\jdk-17.0.4\bin\verify.dll
0x00007ffbadf90000 - 0x00007ffbadfa7000 	C:\WINDOWS\system32\napinsp.dll
0x00007ffbadf70000 - 0x00007ffbadf8b000 	C:\WINDOWS\system32\pnrpnsp.dll
0x00007ffbb7960000 - 0x00007ffbb7975000 	C:\WINDOWS\system32\wshbth.dll
0x00007ffbbb400000 - 0x00007ffbbb41d000 	C:\WINDOWS\system32\NLAapi.dll
0x00007ffbbf490000 - 0x00007ffbbf4cb000 	C:\WINDOWS\SYSTEM32\IPHLPAPI.DLL
0x00007ffbbf4d0000 - 0x00007ffbbf59b000 	C:\WINDOWS\SYSTEM32\DNSAPI.dll
0x00007ffbc15d0000 - 0x00007ffbc15d8000 	C:\WINDOWS\System32\NSI.dll
0x00007ffbadf00000 - 0x00007ffbadf12000 	C:\WINDOWS\System32\winrnr.dll
0x00007ffbb4910000 - 0x00007ffbb491a000 	C:\Windows\System32\rasadhlp.dll
0x00007ffbb4440000 - 0x00007ffbb44c0000 	C:\WINDOWS\System32\fwpuclnt.dll
0x000002a3143d0000 - 0x000002a3143f7000 	C:\WINDOWS\System32\bcrypt.dll
0x00007ffbc0430000 - 0x00007ffbc0448000 	C:\WINDOWS\SYSTEM32\CRYPTSP.dll
0x00007ffbbf110000 - 0x00007ffbbf144000 	C:\WINDOWS\system32\rsaenh.dll
0x00007ffbc0610000 - 0x00007ffbc063e000 	C:\WINDOWS\SYSTEM32\USERENV.dll
0x00007ffbbfce0000 - 0x00007ffbbfcec000 	C:\WINDOWS\SYSTEM32\CRYPTBASE.dll
0x00007ffbb4c40000 - 0x00007ffbb4c57000 	C:\WINDOWS\SYSTEM32\dhcpcsvc6.DLL
0x00007ffbb4c20000 - 0x00007ffbb4c3d000 	C:\WINDOWS\SYSTEM32\dhcpcsvc.DLL
0x00007ffbbb560000 - 0x00007ffbbb56e000 	C:\Program Files\Java\jdk-17.0.4\bin\sunmscapi.dll
0x00007ffbc0b40000 - 0x00007ffbc0c96000 	C:\WINDOWS\System32\CRYPT32.dll
0x00007ffbbfe40000 - 0x00007ffbbfe67000 	C:\WINDOWS\SYSTEM32\ncrypt.dll
0x00007ffbbfe00000 - 0x00007ffbbfe3b000 	C:\WINDOWS\SYSTEM32\NTASN1.dll

dbghelp: loaded successfully - version: 4.0.5 - missing functions: none
symbol engine: initialized successfully - sym options: 0x614 - pdb path: .;C:\Program Files\Java\jdk-17.0.4\bin;C:\WINDOWS\SYSTEM32;C:\WINDOWS\WinSxS\amd64_microsoft.windows.common-controls_6595b64144ccf1df_6.0.19041.1110_none_60b5254171f9507e;C:\Program Files (x86)\Citrix\ICA Client;C:\Program Files\Java\jdk-17.0.4\bin\server

VM Arguments:
java_command: C:\Users\Santhosh\AppData\Local\Temp\surefire12262439836676179669\surefirebooter7163587421884712444.jar C:\Users\Santhosh\AppData\Local\Temp\surefire12262439836676179669 2022-08-02T22-37-21_360-jvmRun1 surefire14342093202059647931tmp surefire_07475974175538885760tmp
java_class_path (initial): C:\Users\Santhosh\AppData\Local\Temp\surefire12262439836676179669\surefirebooter7163587421884712444.jar
Launcher Type: SUN_STANDARD

[Global flags]
     intx CICompilerCount                          = 3                                         {product} {ergonomic}
     uint ConcGCThreads                            = 1                                         {product} {ergonomic}
     uint G1ConcRefinementThreads                  = 4                                         {product} {ergonomic}
   size_t G1HeapRegionSize                         = 1048576                                   {product} {ergonomic}
    uintx GCDrainStackTargetSize                   = 64                                        {product} {ergonomic}
   size_t InitialHeapSize                          = 132120576                                 {product} {ergonomic}
   size_t MarkStackSize                            = 4194304                                   {product} {ergonomic}
   size_t MaxHeapSize                              = 2113929216                                {product} {ergonomic}
   size_t MaxNewSize                               = 1267728384                                {product} {ergonomic}
   size_t MinHeapDeltaBytes                        = 1048576                                   {product} {ergonomic}
   size_t MinHeapSize                              = 8388608                                   {product} {ergonomic}
    uintx NonNMethodCodeHeapSize                   = 5832780                                {pd product} {ergonomic}
    uintx NonProfiledCodeHeapSize                  = 122912730                              {pd product} {ergonomic}
    uintx ProfiledCodeHeapSize                     = 122912730                              {pd product} {ergonomic}
    uintx ReservedCodeCacheSize                    = 251658240                              {pd product} {ergonomic}
     bool SegmentedCodeCache                       = true                                      {product} {ergonomic}
   size_t SoftMaxHeapSize                          = 2113929216                             {manageable} {ergonomic}
     bool UseCompressedClassPointers               = true                           {product lp64_product} {ergonomic}
     bool UseCompressedOops                        = true                           {product lp64_product} {ergonomic}
     bool UseG1GC                                  = true                                      {product} {ergonomic}
     bool UseLargePagesIndividualAllocation        = false                                  {pd product} {ergonomic}

Logging:
Log output configuration:
 #0: stdout all=warning uptime,level,tags
 #1: stderr all=off uptime,level,tags

Environment Variables:
JAVA_HOME=C:\Program Files\Java\jdk-17.0.4
PATH=C:\Program Files\Common Files\Oracle\Java\javapath;C:\Python310\Scripts\;C:\Python310\;C:\WINDOWS\system32;C:\WINDOWS;C:\WINDOWS\System32\Wbem;C:\WINDOWS\System32\WindowsPowerShell\v1.0\;C:\WINDOWS\System32\OpenSSH\;C:\Program Files\Git\cmd;C:\kafka_2.12-2.3.0\bin\windows;C:\Program Files\MongoDB\Server\5.0\bin;C:\ProgramData\chocolatey\bin;C:\Program Files\nodejs\;C:\Program Files\Java\jdk-17.0.4\bin;C:\Users\Santhosh\AppData\Local\Microsoft\WindowsApps;$JAVA_HOME%\bin;C:\Users\Santhosh\AppData\Local\Programs\Microsoft VS Code\bin;C:\Program Files\apache-maven-3.6.3\bin;C:\kafka_2.13-2.5.0\bin\windows;C:\Users\Santhosh\AppData\Roaming\npm;C:\Program Files\Docker Toolbox;
USERNAME=Santhosh
OS=Windows_NT
PROCESSOR_IDENTIFIER=Intel64 Family 6 Model 58 Stepping 9, GenuineIntel



---------------  S Y S T E M  ---------------

OS:
 Windows 10 , 64 bit Build 19041 (10.0.19041.1806)
OS uptime: 0 days 0:28 hours

CPU: total 4 (initial active 4) (2 cores per cpu, 2 threads per core) family 6 model 58 stepping 9 microcode 0x21, cx8, cmov, fxsr, ht, mmx, sse, sse2, sse3, ssse3, sse4.1, sse4.2, popcnt, tsc, tscinvbit, avx, aes, erms, clmul, vzeroupper, clflush

Memory: 4k page, system-wide physical 8060M (935M free)
TotalPageFile size 12156M (AvailPageFile size 3501M)
current process WorkingSet (physical memory assigned to process): 312M, peak: 312M
current process commit charge ("private bytes"): 409M, peak: 409M

vm_info: Java HotSpot(TM) 64-Bit Server VM (17.0.4+11-LTS-179) for windows-amd64 JRE (17.0.4+11-LTS-179), built on Jun 28 2022 08:23:05 by "mach5one" with MS VC++ 16.8 / 16.9 (VS2019)

END.
